0 info it worked if it ends with ok
1 verbose cli [ 'C:\\Program Files\\nodejs\\\\node.exe',
1 verbose cli   'C:\\Program Files\\nodejs\\node_modules\\npm\\bin\\npm-cli.js',
1 verbose cli   'install',
1 verbose cli   '-g',
1 verbose cli   'n',
1 verbose cli   'stable' ]
2 info using npm@1.4.28
3 info using node@v0.10.33
4 verbose node symlink C:\Program Files\nodejs\\node.exe
5 verbose cache add [ 'n', null ]
6 verbose cache add name=undefined spec="n" args=["n",null]
7 verbose parsed url { protocol: null,
7 verbose parsed url   slashes: null,
7 verbose parsed url   auth: null,
7 verbose parsed url   host: null,
7 verbose parsed url   port: null,
7 verbose parsed url   hostname: null,
7 verbose parsed url   hash: null,
7 verbose parsed url   search: null,
7 verbose parsed url   query: null,
7 verbose parsed url   pathname: 'n',
7 verbose parsed url   path: 'n',
7 verbose parsed url   href: 'n' }
8 verbose cache add [ 'stable', null ]
9 verbose cache add name=undefined spec="stable" args=["stable",null]
10 verbose parsed url { protocol: null,
10 verbose parsed url   slashes: null,
10 verbose parsed url   auth: null,
10 verbose parsed url   host: null,
10 verbose parsed url   port: null,
10 verbose parsed url   hostname: null,
10 verbose parsed url   hash: null,
10 verbose parsed url   search: null,
10 verbose parsed url   query: null,
10 verbose parsed url   pathname: 'stable',
10 verbose parsed url   path: 'stable',
10 verbose parsed url   href: 'stable' }
11 silly lockFile d1854cae-n n
12 verbose lock n C:\Users\Owner\AppData\Roaming\npm-cache\d1854cae-n.lock
13 silly lockFile 4fbacc2f-stable stable
14 verbose lock stable C:\Users\Owner\AppData\Roaming\npm-cache\4fbacc2f-stable.lock
15 silly lockFile d1854cae-n n
16 silly lockFile d1854cae-n n
17 silly lockFile 4fbacc2f-stable stable
18 silly lockFile 4fbacc2f-stable stable
19 verbose addNamed [ 'n', '' ]
20 verbose addNamed [ null, '*' ]
21 silly lockFile 6b58d7dc-n n@
22 verbose lock n@ C:\Users\Owner\AppData\Roaming\npm-cache\6b58d7dc-n.lock
23 verbose addNamed [ 'stable', '' ]
24 verbose addNamed [ null, '*' ]
25 silly lockFile 026aa5b0-stable stable@
26 verbose lock stable@ C:\Users\Owner\AppData\Roaming\npm-cache\026aa5b0-stable.lock
27 silly addNameRange { name: 'n', range: '*', hasData: false }
28 silly addNameRange { name: 'stable', range: '*', hasData: false }
29 verbose request where is /stable
30 verbose request registry https://registry.npmjs.org/
31 verbose request id c4bc0293a6f65b5d
32 verbose url raw /stable
33 verbose url resolving [ 'https://registry.npmjs.org/', './stable' ]
34 verbose url resolved https://registry.npmjs.org/stable
35 verbose request where is https://registry.npmjs.org/stable
36 info trying registry request attempt 1 at 20:45:55
37 http GET https://registry.npmjs.org/stable
38 verbose request where is /n
39 verbose request registry https://registry.npmjs.org/
40 verbose url raw /n
41 verbose url resolving [ 'https://registry.npmjs.org/', './n' ]
42 verbose url resolved https://registry.npmjs.org/n
43 verbose request where is https://registry.npmjs.org/n
44 info trying registry request attempt 1 at 20:45:56
45 verbose etag "EHZJLSWI8SUXRXKF4GPZ3MNDY"
46 http GET https://registry.npmjs.org/n
47 http 200 https://registry.npmjs.org/stable
48 silly registry.get cb [ 200,
48 silly registry.get   { server: 'CouchDB/1.5.0 (Erlang OTP/R16B03)',
48 silly registry.get     etag: '"AITLN1855CMZJB42B7GAXWJ5"',
48 silly registry.get     'content-type': 'application/json',
48 silly registry.get     'cache-control': 'max-age=60',
48 silly registry.get     'content-length': '8783',
48 silly registry.get     'accept-ranges': 'bytes',
48 silly registry.get     date: 'Thu, 03 Sep 2015 00:46:10 GMT',
48 silly registry.get     via: '1.1 varnish',
48 silly registry.get     age: '37',
48 silly registry.get     connection: 'keep-alive',
48 silly registry.get     'x-served-by': 'cache-jfk1025-JFK',
48 silly registry.get     'x-cache': 'HIT',
48 silly registry.get     'x-cache-hits': '1',
48 silly registry.get     'x-timer': 'S1441241170.614334,VS0,VE0',
48 silly registry.get     vary: 'Accept' } ]
49 silly addNameRange number 2 { name: 'stable', range: '*', hasData: true }
50 silly addNameRange versions [ 'stable',
50 silly addNameRange   [ '0.1.0', '0.1.1', '0.1.2', '0.1.3', '0.1.4', '0.1.5' ] ]
51 verbose addNamed [ 'stable', '0.1.5' ]
52 verbose addNamed [ '0.1.5', '0.1.5' ]
53 silly lockFile 2b1b203e-stable-0-1-5 stable@0.1.5
54 verbose lock stable@0.1.5 C:\Users\Owner\AppData\Roaming\npm-cache\2b1b203e-stable-0-1-5.lock
55 silly lockFile a2bd221b-pmjs-org-stable-stable-0-1-5-tgz https://registry.npmjs.org/stable/-/stable-0.1.5.tgz
56 verbose lock https://registry.npmjs.org/stable/-/stable-0.1.5.tgz C:\Users\Owner\AppData\Roaming\npm-cache\a2bd221b-pmjs-org-stable-stable-0-1-5-tgz.lock
57 verbose addRemoteTarball [ 'https://registry.npmjs.org/stable/-/stable-0.1.5.tgz',
57 verbose addRemoteTarball   '08232f60c732e9890784b5bed0734f8b32a887b9' ]
58 info retry fetch attempt 1 at 20:45:56
59 verbose fetch to= C:\Users\Owner\AppData\Local\Temp\npm-7000-abNZeNOy\registry.npmjs.org\stable\-\stable-0.1.5.tgz
60 http GET https://registry.npmjs.org/stable/-/stable-0.1.5.tgz
61 http 304 https://registry.npmjs.org/n
62 silly registry.get cb [ 304,
62 silly registry.get   { date: 'Thu, 03 Sep 2015 00:46:10 GMT',
62 silly registry.get     via: '1.1 varnish',
62 silly registry.get     'cache-control': 'max-age=60',
62 silly registry.get     etag: '"EHZJLSWI8SUXRXKF4GPZ3MNDY"',
62 silly registry.get     age: '0',
62 silly registry.get     connection: 'keep-alive',
62 silly registry.get     'x-served-by': 'cache-jfk1028-JFK',
62 silly registry.get     'x-cache': 'HIT',
62 silly registry.get     'x-cache-hits': '1',
62 silly registry.get     'x-timer': 'S1441241170.611369,VS0,VE92',
62 silly registry.get     vary: 'Accept' } ]
63 verbose etag https://registry.npmjs.org/n from cache
64 silly addNameRange number 2 { name: 'n', range: '*', hasData: true }
65 silly addNameRange versions [ 'n',
65 silly addNameRange   [ '0.0.1',
65 silly addNameRange     '0.0.2',
65 silly addNameRange     '0.0.3',
65 silly addNameRange     '0.0.4',
65 silly addNameRange     '0.1.0',
65 silly addNameRange     '0.1.1',
65 silly addNameRange     '0.1.2',
65 silly addNameRange     '0.2.0',
65 silly addNameRange     '0.2.1',
65 silly addNameRange     '0.2.2',
65 silly addNameRange     '0.3.0',
65 silly addNameRange     '0.4.0',
65 silly addNameRange     '0.4.1',
65 silly addNameRange     '0.4.2',
65 silly addNameRange     '0.5.0',
65 silly addNameRange     '0.5.1',
65 silly addNameRange     '0.5.2',
65 silly addNameRange     '0.5.3',
65 silly addNameRange     '0.5.4',
65 silly addNameRange     '0.6.0',
65 silly addNameRange     '0.6.1',
65 silly addNameRange     '0.7.0',
65 silly addNameRange     '0.7.1',
65 silly addNameRange     '0.7.2',
65 silly addNameRange     '0.7.3',
65 silly addNameRange     '0.8.0',
65 silly addNameRange     '0.8.1',
65 silly addNameRange     '0.8.2',
65 silly addNameRange     '0.9.0',
65 silly addNameRange     '0.9.1',
65 silly addNameRange     '0.9.2',
65 silly addNameRange     '0.9.3',
65 silly addNameRange     '1.0.0',
65 silly addNameRange     '1.1.0',
65 silly addNameRange     '1.2.1',
65 silly addNameRange     '1.2.2',
65 silly addNameRange     '1.2.3',
65 silly addNameRange     '1.2.4',
65 silly addNameRange     '1.2.5',
65 silly addNameRange     '1.2.6',
65 silly addNameRange     '1.2.7',
65 silly addNameRange     '1.2.8',
65 silly addNameRange     '1.2.9',
65 silly addNameRange     '1.2.11',
65 silly addNameRange     '1.2.13',
65 silly addNameRange     '1.2.14',
65 silly addNameRange     '1.3.0',
65 silly addNameRange     '1.4.0',
65 silly addNameRange     '2.0.0',
65 silly addNameRange     '1.4.1',
65 silly addNameRange     '2.0.1',
65 silly addNameRange     '1.4.2',
65 silly addNameRange     '2.0.2' ] ]
66 verbose addNamed [ 'n', '2.0.2' ]
67 verbose addNamed [ '2.0.2', '2.0.2' ]
68 silly lockFile ed42822e-n-2-0-2 n@2.0.2
69 verbose lock n@2.0.2 C:\Users\Owner\AppData\Roaming\npm-cache\ed42822e-n-2-0-2.lock
70 silly lockFile ed42822e-n-2-0-2 n@2.0.2
71 silly lockFile ed42822e-n-2-0-2 n@2.0.2
72 silly lockFile 6b58d7dc-n n@
73 silly lockFile 6b58d7dc-n n@
74 http 200 https://registry.npmjs.org/stable/-/stable-0.1.5.tgz
75 silly lockFile a2bd221b-pmjs-org-stable-stable-0-1-5-tgz https://registry.npmjs.org/stable/-/stable-0.1.5.tgz
76 silly lockFile a2bd221b-pmjs-org-stable-stable-0-1-5-tgz https://registry.npmjs.org/stable/-/stable-0.1.5.tgz
77 silly lockFile 2b1b203e-stable-0-1-5 stable@0.1.5
78 silly lockFile 2b1b203e-stable-0-1-5 stable@0.1.5
79 silly lockFile 026aa5b0-stable stable@
80 silly lockFile 026aa5b0-stable stable@
81 silly resolved [ { name: 'n',
81 silly resolved     description: 'node version manager',
81 silly resolved     version: '2.0.2',
81 silly resolved     author: { name: 'TJ Holowaychuk', email: 'tj@vision-media.ca' },
81 silly resolved     homepage: 'https://github.com/tj/n',
81 silly resolved     bugs: { url: 'https://github.com/tj/n/issues' },
81 silly resolved     contributors: [ [Object] ],
81 silly resolved     keywords:
81 silly resolved      [ 'nvm',
81 silly resolved        'node',
81 silly resolved        'version',
81 silly resolved        'manager',
81 silly resolved        'switcher',
81 silly resolved        'node',
81 silly resolved        'binary',
81 silly resolved        'env' ],
81 silly resolved     bin: { n: './bin/n' },
81 silly resolved     repository: { type: 'git', url: 'git://github.com/tj/n.git' },
81 silly resolved     preferGlobal: true,
81 silly resolved     os: [ '!win32' ],
81 silly resolved     engines: { node: '*' },
81 silly resolved     license: 'MIT',
81 silly resolved     gitHead: '7831e76a57429afc6341a583febb99469db4d1dc',
81 silly resolved     _id: 'n@2.0.2',
81 silly resolved     scripts: {},
81 silly resolved     _shasum: '1d132d1e33c8687bae54313792626e7878bd5f57',
81 silly resolved     _from: 'n@',
81 silly resolved     _npmVersion: '2.13.4',
81 silly resolved     _nodeVersion: '0.12.7',
81 silly resolved     _npmUser: { name: 'maxrimue', email: 'max.rittmueller@gmail.com' },
81 silly resolved     dist:
81 silly resolved      { shasum: '1d132d1e33c8687bae54313792626e7878bd5f57',
81 silly resolved        tarball: 'http://registry.npmjs.org/n/-/n-2.0.2.tgz' },
81 silly resolved     maintainers:
81 silly resolved      [ [Object],
81 silly resolved        [Object],
81 silly resolved        [Object],
81 silly resolved        [Object],
81 silly resolved        [Object],
81 silly resolved        [Object],
81 silly resolved        [Object] ],
81 silly resolved     directories: {},
81 silly resolved     _resolved: 'https://registry.npmjs.org/n/-/n-2.0.2.tgz',
81 silly resolved     readme: 'ERROR: No README data found!' },
81 silly resolved   { name: 'stable',
81 silly resolved     version: '0.1.5',
81 silly resolved     keywords: [ 'stable', 'array', 'sort' ],
81 silly resolved     description: 'A stable array sort for JavaScript',
81 silly resolved     repository: { type: 'git', url: 'https://github.com/Two-Screen/stable.git' },
81 silly resolved     main: './stable.js',
81 silly resolved     devDependencies: { tape: '2', 'uglify-js': '2' },
81 silly resolved     scripts:
81 silly resolved      { test: 'node ./test.js',
81 silly resolved        minify: 'uglifyjs --comments \'/^!/\' -c -m -o ./stable.min.js ./stable.js' },
81 silly resolved     testling: { files: './test.js', browsers: [Object] },
81 silly resolved     author: { name: 'Angry Bytes', email: 'info@angrybytes.com' },
81 silly resolved     contributors: [ [Object], [Object], [Object] ],
81 silly resolved     license: 'MIT',
81 silly resolved     bugs: { url: 'https://github.com/Two-Screen/stable/issues' },
81 silly resolved     homepage: 'https://github.com/Two-Screen/stable',
81 silly resolved     _id: 'stable@0.1.5',
81 silly resolved     dist:
81 silly resolved      { shasum: '08232f60c732e9890784b5bed0734f8b32a887b9',
81 silly resolved        tarball: 'http://registry.npmjs.org/stable/-/stable-0.1.5.tgz' },
81 silly resolved     _from: 'stable@',
81 silly resolved     _npmVersion: '1.3.26',
81 silly resolved     _npmUser: { name: 'stephank', email: 'stephan@kochen.nl' },
81 silly resolved     maintainers: [ [Object] ],
81 silly resolved     directories: {},
81 silly resolved     _shasum: '08232f60c732e9890784b5bed0734f8b32a887b9',
81 silly resolved     _resolved: 'https://registry.npmjs.org/stable/-/stable-0.1.5.tgz' } ]
82 info install n@2.0.2 into C:\Users\Owner\AppData\Roaming\npm
83 info install stable@0.1.5 into C:\Users\Owner\AppData\Roaming\npm
84 info installOne n@2.0.2
85 info installOne stable@0.1.5
86 verbose node_modules\stable unbuild
87 verbose tar unpack C:\Users\Owner\AppData\Roaming\npm-cache\stable\0.1.5\package.tgz
88 silly lockFile 8812a8b7--Roaming-npm-node-modules-stable tar://C:\Users\Owner\AppData\Roaming\npm\node_modules\stable
89 verbose lock tar://C:\Users\Owner\AppData\Roaming\npm\node_modules\stable C:\Users\Owner\AppData\Roaming\npm-cache\8812a8b7--Roaming-npm-node-modules-stable.lock
90 silly lockFile e8ec19e6-m-cache-stable-0-1-5-package-tgz tar://C:\Users\Owner\AppData\Roaming\npm-cache\stable\0.1.5\package.tgz
91 verbose lock tar://C:\Users\Owner\AppData\Roaming\npm-cache\stable\0.1.5\package.tgz C:\Users\Owner\AppData\Roaming\npm-cache\e8ec19e6-m-cache-stable-0-1-5-package-tgz.lock
92 silly gunzTarPerm modes [ '777', '666' ]
93 silly gunzTarPerm extractEntry package.json
94 silly gunzTarPerm modified mode [ 'package.json', 420, 438 ]
95 silly gunzTarPerm extractEntry .npmignore
96 silly gunzTarPerm modified mode [ '.npmignore', 420, 438 ]
97 silly gunzTarPerm extractEntry README.md
98 silly gunzTarPerm modified mode [ 'README.md', 420, 438 ]
99 silly gunzTarPerm extractEntry stable.js
100 silly gunzTarPerm modified mode [ 'stable.js', 420, 438 ]
101 silly gunzTarPerm extractEntry test.js
102 silly gunzTarPerm modified mode [ 'test.js', 420, 438 ]
103 silly gunzTarPerm extractEntry .travis.yml
104 silly gunzTarPerm modified mode [ '.travis.yml', 420, 438 ]
105 silly gunzTarPerm extractEntry bower.json
106 silly gunzTarPerm modified mode [ 'bower.json', 420, 438 ]
107 silly lockFile 8812a8b7--Roaming-npm-node-modules-stable tar://C:\Users\Owner\AppData\Roaming\npm\node_modules\stable
108 silly lockFile 8812a8b7--Roaming-npm-node-modules-stable tar://C:\Users\Owner\AppData\Roaming\npm\node_modules\stable
109 silly lockFile e8ec19e6-m-cache-stable-0-1-5-package-tgz tar://C:\Users\Owner\AppData\Roaming\npm-cache\stable\0.1.5\package.tgz
110 silly lockFile e8ec19e6-m-cache-stable-0-1-5-package-tgz tar://C:\Users\Owner\AppData\Roaming\npm-cache\stable\0.1.5\package.tgz
111 info preinstall stable@0.1.5
112 verbose readDependencies using package.json deps
113 verbose readDependencies using package.json deps
114 silly resolved []
115 verbose about to build C:\Users\Owner\AppData\Roaming\npm\node_modules\stable
116 info build C:\Users\Owner\AppData\Roaming\npm\node_modules\stable
117 verbose linkStuff [ true,
117 verbose linkStuff   'C:\\Users\\Owner\\AppData\\Roaming\\npm\\node_modules',
117 verbose linkStuff   true,
117 verbose linkStuff   'C:\\Users\\Owner\\AppData\\Roaming\\npm\\node_modules' ]
118 info linkStuff stable@0.1.5
119 verbose linkBins stable@0.1.5
120 verbose linkMans stable@0.1.5
121 verbose rebuildBundles stable@0.1.5
122 info install stable@0.1.5
123 info postinstall stable@0.1.5
124 error notsup Unsupported
124 error notsup Not compatible with your operating system or architecture: n@2.0.2
124 error notsup Valid OS:    !win32
124 error notsup Valid Arch:  any
124 error notsup Actual OS:   win32
124 error notsup Actual Arch: x64
125 error System Windows_NT 6.1.7601
126 error command "C:\\Program Files\\nodejs\\\\node.exe" "C:\\Program Files\\nodejs\\node_modules\\npm\\bin\\npm-cli.js" "install" "-g" "n" "stable"
127 error cwd C:\Users\Owner\Desktop\backoffice
128 error node -v v0.10.33
129 error npm -v 1.4.28
130 error code EBADPLATFORM
131 verbose exit [ 1, true ]
